#
# There is insufficient memory for the Java Runtime Environment to continue.
# Native memory allocation (mmap) failed to map 257949696 bytes. Error detail: G1 virtual space
# Possible reasons:
#   The system is out of physical RAM or swap space
#   This process is running with CompressedOops enabled, and the Java Heap may be blocking the growth of the native heap
# Possible solutions:
#   Reduce memory load on the system
#   Increase physical memory or swap space
#   Check if swap backing store is full
#   Decrease Java heap size (-Xmx/-Xms)
#   Decrease number of Java threads
#   Decrease Java thread stack sizes (-Xss)
#   Set larger code cache with -XX:ReservedCodeCacheSize=
#   JVM is running with Zero Based Compressed Oops mode in which the Java heap is
#     placed in the first 32GB address space. The Java Heap base address is the
#     maximum limit for the native heap growth. Please use -XX:HeapBaseMinAddress
#     to set the Java Heap base and to place the Java Heap above 32GB virtual address.
# This output file may be truncated or incomplete.
#
#  Out of Memory Error (os_windows.cpp:3703), pid=29736, tid=20712
#
# JRE version:  (23.0.1+11) (build )
# Java VM: Java HotSpot(TM) 64-Bit Server VM (23.0.1+11-39, mixed mode, sharing, tiered, compressed oops, compressed class ptrs, g1 gc, windows-amd64)
# No core dump will be written. Minidumps are not enabled by default on client versions of Windows
#

---------------  S U M M A R Y ------------

Command Line: view/main/MainFrame.java

Host: AMD Ryzen 7 8845HS w/ Radeon 780M Graphics, 16 cores, 15G,  Windows 11 , 64 bit Build 26100 (10.0.26100.2161)
Time: Tue Nov 12 08:08:04 2024 SE Asia Standard Time elapsed time: 1.095384 seconds (0d 0h 0m 1s)

---------------  T H R E A D  ---------------

Current thread (0x000001d479ccd9c0):  JavaThread "Unknown thread" [_thread_in_vm, id=20712, stack(0x0000000341700000,0x0000000341800000) (1024K)]

Stack: [0x0000000341700000,0x0000000341800000]
Native frames: (J=compiled Java code, j=interpreted, Vv=VM code, C=native code)
V  [jvm.dll+0x6e08b9]  (no source info available)
V  [jvm.dll+0x87dc83]  (no source info available)
V  [jvm.dll+0x88010e]  (no source info available)
V  [jvm.dll+0x8807e3]  (no source info available)
V  [jvm.dll+0x27aee6]  (no source info available)
V  [jvm.dll+0x6dd1c5]  (no source info available)
V  [jvm.dll+0x6d104a]  (no source info available)
V  [jvm.dll+0x35b3ea]  (no source info available)
V  [jvm.dll+0x3637f6]  (no source info available)
V  [jvm.dll+0x34fd5e]  (no source info available)
V  [jvm.dll+0x34fff8]  (no source info available)
V  [jvm.dll+0x3289cc]  (no source info available)
V  [jvm.dll+0x32966e]  (no source info available)
V  [jvm.dll+0x844355]  (no source info available)
V  [jvm.dll+0x3b9848]  (no source info available)
V  [jvm.dll+0x82d14c]  (no source info available)
V  [jvm.dll+0x454d4e]  (no source info available)
V  [jvm.dll+0x456bd1]  (no source info available)
C  [jli.dll+0x52a3]  (no source info available)
C  [ucrtbase.dll+0x14ea0]  (no source info available)
C  [KERNEL32.DLL+0x2dbe7]  (no source info available)
C  [ntdll.dll+0xdfbec]  (no source info available)

Lock stack of current Java thread (top to bottom):


---------------  P R O C E S S  ---------------

Threads class SMR info:
_java_thread_list=0x00007ff9371b3618, length=0, elements={
}

Java Threads: ( => current thread )
Total: 0

Other Threads:
  0x000001d47c1fc420 WorkerThread "GC Thread#0"                     [id=30152, stack(0x0000000341800000,0x0000000341900000) (1024K)]
  0x000001d47c212680 ConcurrentGCThread "G1 Main Marker"            [id=24516, stack(0x0000000341900000,0x0000000341a00000) (1024K)]
  0x000001d47c214010 WorkerThread "G1 Conc#0"                       [id=24284, stack(0x0000000341a00000,0x0000000341b00000) (1024K)]

[error occurred during error reporting (printing all threads), id 0xc0000005, EXCEPTION_ACCESS_VIOLATION (0xc0000005) at pc=0x00007ff9368fbfba]
VM state: not at safepoint (not fully initialized)

VM Mutex/Monitor currently owned by a thread:  ([mutex/lock_event])
[0x00007ff937233a10] Heap_lock - owner thread: 0x000001d479ccd9c0

Heap address: 0x000000070bc00000, size: 3908 MB, Compressed Oops mode: Zero based, Oop shift amount: 3

CDS archive(s) mapped at: [0x0000000000000000-0x0000000000000000-0x0000000000000000), size 0, SharedBaseAddress: 0x0000000800000000, ArchiveRelocationMode: 1.
Narrow klass base: 0x0000000000000000, Narrow klass shift: 0, Narrow klass range: 0x0

GC Precious Log:
 CardTable entry size: 512
 Card Set container configuration: InlinePtr #cards 4 size 8 Array Of Cards #cards 16 size 48 Howl #buckets 8 coarsen threshold 3686 Howl Bitmap #cards 512 size 80 coarsen threshold 460 Card regions per heap region 1 cards per card region 4096

Heap:
 garbage-first heap   total reserved 4001792K, committed 0K, used 0K [0x000000070bc00000, 0x0000000800000000)
  region size 2048K, 0 young (0K), 0 survivors (0K)

[error occurred during error reporting (printing heap information), id 0xc0000005, EXCEPTION_ACCESS_VIOLATION (0xc0000005) at pc=0x00007ff936cfc3c9]
GC Heap History (0 events):
No events

Dll operation events (1 events):
Event: 0.007 Loaded shared library C:\Program Files\Java\jdk-23\bin\java.dll

Deoptimization events (0 events):
No events

Classes loaded (0 events):
No events

Classes unloaded (0 events):
No events

Classes redefined (0 events):
No events

Internal exceptions (0 events):
No events

VM Operations (0 events):
No events

Memory protections (0 events):
No events

Nmethod flushes (0 events):
No events

Events (0 events):
No events


Dynamic libraries:
0x00007ff712310000 - 0x00007ff712320000 	C:\Program Files\Java\jdk-23\bin\java.exe
0x00007ff9cfd00000 - 0x00007ff9cff63000 	C:\WINDOWS\SYSTEM32\ntdll.dll
0x00007ff9cecf0000 - 0x00007ff9cedb8000 	C:\WINDOWS\System32\KERNEL32.DLL
0x00007ff9cd0f0000 - 0x00007ff9cd4a1000 	C:\WINDOWS\System32\KERNELBASE.dll
0x00007ff9cd8a0000 - 0x00007ff9cd9eb000 	C:\WINDOWS\System32\ucrtbase.dll
0x00007ff9c3640000 - 0x00007ff9c365b000 	C:\Program Files\Java\jdk-23\bin\VCRUNTIME140.dll
0x00007ff9bc890000 - 0x00007ff9bc8a7000 	C:\Program Files\Java\jdk-23\bin\jli.dll
0x00007ff9ce560000 - 0x00007ff9ce728000 	C:\WINDOWS\System32\USER32.dll
0x00007ff9b8160000 - 0x00007ff9b83f0000 	C:\WINDOWS\WinSxS\amd64_microsoft.windows.common-controls_6595b64144ccf1df_6.0.26100.2161_none_3e0cadb0e33078e1\COMCTL32.dll
0x00007ff9cd9f0000 - 0x00007ff9cda17000 	C:\WINDOWS\System32\win32u.dll
0x00007ff9cdd50000 - 0x00007ff9cddf9000 	C:\WINDOWS\System32\msvcrt.dll
0x00007ff9cef00000 - 0x00007ff9cef2a000 	C:\WINDOWS\System32\GDI32.dll
0x00007ff9cd5f0000 - 0x00007ff9cd715000 	C:\WINDOWS\System32\gdi32full.dll
0x00007ff9cdac0000 - 0x00007ff9cdb63000 	C:\WINDOWS\System32\msvcp_win.dll
0x00007ff9cf550000 - 0x00007ff9cf57f000 	C:\WINDOWS\System32\IMM32.DLL
0x00007ff9c3cb0000 - 0x00007ff9c3cbc000 	C:\Program Files\Java\jdk-23\bin\vcruntime140_1.dll
0x00007ff98f3f0000 - 0x00007ff98f47e000 	C:\Program Files\Java\jdk-23\bin\msvcp140.dll
0x00007ff9365c0000 - 0x00007ff93730f000 	C:\Program Files\Java\jdk-23\bin\server\jvm.dll
0x00007ff9ceb40000 - 0x00007ff9cebf4000 	C:\WINDOWS\System32\ADVAPI32.dll
0x00007ff9cee50000 - 0x00007ff9ceef6000 	C:\WINDOWS\System32\sechost.dll
0x00007ff9cde00000 - 0x00007ff9cdf16000 	C:\WINDOWS\System32\RPCRT4.dll
0x00007ff9cdcd0000 - 0x00007ff9cdd44000 	C:\WINDOWS\System32\WS2_32.dll
0x00007ff9cbdb0000 - 0x00007ff9cbdfe000 	C:\WINDOWS\SYSTEM32\POWRPROF.dll
0x00007ff9be280000 - 0x00007ff9be2b6000 	C:\WINDOWS\SYSTEM32\WINMM.dll
0x00007ff9bd650000 - 0x00007ff9bd65b000 	C:\WINDOWS\SYSTEM32\VERSION.dll
0x00007ff9cbd90000 - 0x00007ff9cbda4000 	C:\WINDOWS\SYSTEM32\UMPDC.dll
0x00007ff9cc050000 - 0x00007ff9cc06a000 	C:\WINDOWS\SYSTEM32\kernel.appcore.dll
0x00007ff9c3730000 - 0x00007ff9c373a000 	C:\Program Files\Java\jdk-23\bin\jimage.dll
0x00007ff9ca370000 - 0x00007ff9ca5b1000 	C:\WINDOWS\SYSTEM32\DBGHELP.DLL
0x00007ff9ce7c0000 - 0x00007ff9ceb3d000 	C:\WINDOWS\System32\combase.dll
0x00007ff9ce060000 - 0x00007ff9ce136000 	C:\WINDOWS\System32\OLEAUT32.dll
0x00007ff9b0c70000 - 0x00007ff9b0ca9000 	C:\WINDOWS\SYSTEM32\dbgcore.DLL
0x00007ff9cda20000 - 0x00007ff9cdab9000 	C:\WINDOWS\System32\bcryptPrimitives.dll
0x00007ff9bb7a0000 - 0x00007ff9bb7be000 	C:\Program Files\Java\jdk-23\bin\java.dll
0x00007ff9ce310000 - 0x00007ff9ce4a9000 	C:\WINDOWS\System32\ole32.dll
0x00007ff9cf5a0000 - 0x00007ff9cfc9f000 	C:\WINDOWS\System32\SHELL32.dll

dbghelp: loaded successfully - version: 4.0.5 - missing functions: none
symbol engine: initialized successfully - sym options: 0x614 - pdb path: .;C:\Program Files\Java\jdk-23\bin;C:\WINDOWS\SYSTEM32;C:\WINDOWS\WinSxS\amd64_microsoft.windows.common-controls_6595b64144ccf1df_6.0.26100.2161_none_3e0cadb0e33078e1;C:\Program Files\Java\jdk-23\bin\server

VM Arguments:
java_command: view/main/MainFrame.java
java_class_path (initial): Membership\libs\mysql-connector-j-9.1.0.jar
Launcher Type: SUN_STANDARD

[Global flags]
     intx CICompilerCount                          = 12                                        {product} {ergonomic}
     uint ConcGCThreads                            = 3                                         {product} {ergonomic}
     uint G1ConcRefinementThreads                  = 13                                        {product} {ergonomic}
   size_t G1HeapRegionSize                         = 2097152                                   {product} {ergonomic}
   size_t InitialHeapSize                          = 257949696                                 {product} {ergonomic}
   size_t MarkStackSize                            = 4194304                                   {product} {ergonomic}
   size_t MarkStackSizeMax                         = 536870912                                 {product} {ergonomic}
   size_t MaxHeapSize                              = 4097835008                                {product} {ergonomic}
   size_t MinHeapDeltaBytes                        = 2097152                                   {product} {ergonomic}
   size_t MinHeapSize                              = 8388608                                   {product} {ergonomic}
    uintx NonNMethodCodeHeapSize                   = 7602176                                {pd product} {ergonomic}
    uintx NonProfiledCodeHeapSize                  = 122093568                              {pd product} {ergonomic}
    uintx ProfiledCodeHeapSize                     = 121962496                              {pd product} {ergonomic}
    uintx ReservedCodeCacheSize                    = 251658240                              {pd product} {ergonomic}
     bool SegmentedCodeCache                       = true                                      {product} {ergonomic}
   size_t SoftMaxHeapSize                          = 4097835008                             {manageable} {ergonomic}
     bool UseCompressedOops                        = true                           {product lp64_product} {ergonomic}
     bool UseG1GC                                  = true                                      {product} {ergonomic}
     bool UseLargePagesIndividualAllocation        = false                                  {pd product} {ergonomic}

Logging:
Log output configuration:
 #0: stdout all=warning uptime,level,tags foldmultilines=false
 #1: stderr all=off uptime,level,tags foldmultilines=false

Environment Variables:
PATH=C:\Program Files\Common Files\Oracle\Java\javapath;C:\Program Files (x86)\Common Files\Oracle\Java\java8path;C:\Program Files (x86)\Common Files\Oracle\Java\javapath;C:\Program Files\Eclipse Adoptium\jdk-21.0.5.11-hotspot\bin;C:\WINDOWS\system32;C:\WINDOWS;C:\WINDOWS\System32\Wbem;C:\WINDOWS\System32\WindowsPowerShell\v1.0\;C:\WINDOWS\System32\OpenSSH\;C:\Program Files\Git\cmd;C:\ProgramData\ComposerSetup\bin;C:\laragon\bin\php\php-8.3.13-nts-Win32-vs16-x64;C:\Users\ASUS\.config\herd\bin\nvm;C:\laragon\bin\nodejs\nodejs;C:\laragon\bin;C:\laragon\bin\apache\httpd-2.4.54-win64-VS16\bin;C:\laragon\bin\composer;C:\laragon\bin\git\bin;C:\laragon\bin\git\cmd;C:\laragon\bin\git\mingw64\bin;C:\laragon\bin\git\usr\bin;C:\laragon\bin\laragon\utils;C:\laragon\bin\mysql\mysql-8.0.30-winx64\bin;C:\laragon\bin\nginx\nginx-1.22.0;C:\laragon\bin\ngrok;C:\laragon\bin\nodejs\nodejs;C:\laragon\bin\notepad++;C:\laragon\bin\php\php-8.3.13-nts-Win32-vs16-x64;C:\laragon\bin\python\python-3.10;C:\laragon\bin\python\python-3.10\Scripts;C:\laragon\bin\redis\redis-x64-5.0.14.1;C:\laragon\bin\telnet;C:\laragon\usr\bin;C:\Users\ASUS\AppData\Local\Yarn\config\global\node_modules\.bin;C:\Users\ASUS\AppData\Roaming\Composer\vendor\bin;C:\Users\ASUS\.config\herd\bin;C:\Program Files\MySQL\MySQL Shell 8.0\bin\;C:\Users\ASUS\AppData\Local\Microsoft\WindowsApps;C:\Users\ASUS\AppData\Local\Programs\Microsoft VS Code\bin;C:\Users\ASUS\AppData\Local\Microsoft\WinGet\Packages\Schniz.fnm_Microsoft.Winget.Source_8wekyb3d8bbwe;C:\Users\ASUS\AppData\Roaming\npm;
USERNAME=ASUS
OS=Windows_NT
PROCESSOR_IDENTIFIER=AMD64 Family 25 Model 117 Stepping 2, AuthenticAMD
TMP=C:\Users\ASUS\AppData\Local\Temp
TEMP=C:\Users\ASUS\AppData\Local\Temp




Periodic native trim disabled

---------------  S Y S T E M  ---------------

OS:
 Windows 11 , 64 bit Build 26100 (10.0.26100.2161)
OS uptime: 4 days 13:01 hours
Hyper-V role detected

CPU: total 16 (initial active 16) (16 cores per cpu, 2 threads per core) family 25 model 117 stepping 2 microcode 0xa705203, cx8, cmov, fxsr, ht, mmx, 3dnowpref, sse, sse2, sse3, ssse3, sse4a, sse4.1, sse4.2, popcnt, lzcnt, tsc, tscinvbit, avx, avx2, aes, erms, clmul, bmi1, bmi2, adx, avx512f, avx512dq, avx512cd, avx512bw, avx512vl, sha, fma, vzeroupper, avx512_vpopcntdq, avx512_vpclmulqdq, avx512_vaes, avx512_vnni, clflush, clflushopt, avx512_vbmi2, avx512_vbmi, hv, rdtscp, rdpid, fsrm, gfni, avx512_bitalg, f16c, cet_ss, avx512_ifma
Processor Information for the first 16 processors :
  Max Mhz: 3801, Current Mhz: 3801, Mhz Limit: 3801

Memory: 4k page, system-wide physical 15626M (3933M free)
TotalPageFile size 17674M (AvailPageFile size 228M)
current process WorkingSet (physical memory assigned to process): 13M, peak: 13M
current process commit charge ("private bytes"): 71M, peak: 317M

vm_info: Java HotSpot(TM) 64-Bit Server VM (23.0.1+11-39) for windows-amd64 JRE (23.0.1+11-39), built on 2024-09-30T07:20:43Z with MS VC++ 17.6 (VS2022)

END.
